#
# There is insufficient memory for the Java Runtime Environment to continue.
# Native memory allocation (malloc) failed to allocate 35127296 bytes for committing reserved memory.
# Possible reasons:
#   The system is out of physical RAM or swap space
#   In 32 bit mode, the process size limit was hit
# Possible solutions:
#   Reduce memory load on the system
#   Increase physical memory or swap space
#   Check if swap backing store is full
#   Use 64 bit Java on a 64 bit OS
#   Decrease Java heap size (-Xmx/-Xms)
#   Decrease number of Java threads
#   Decrease Java thread stack sizes (-Xss)
#   Set larger code cache with -XX:ReservedCodeCacheSize=
# This output file may be truncated or incomplete.
#
#  Out of Memory Error (os_linux.cpp:2756), pid=13271, tid=1816132416
#
# JRE version: Java(TM) SE Runtime Environment (7.0_80-b15) (build 1.7.0_80-b15)
# Java VM: Java HotSpot(TM) Server VM (24.80-b11 mixed mode linux-x86 )
# Failed to write core dump. Core dumps have been disabled. To enable core dumping, try "ulimit -c unlimited" before starting Java again
#

---------------  T H R E A D  ---------------

Current thread (0x6c410400):  VMThread [stack: 0x6c37f000,0x6c400000] [id=13283]

Stack: [0x6c37f000,0x6c400000],  sp=0x6c3fe830,  free space=510k
Native frames: (J=compiled Java code, j=interpreted, Vv=VM code, C=native code)
V  [libjvm.so+0x7ea656]  VMError::report_and_die()+0x1a6
V  [libjvm.so+0x33eb82]  report_vm_out_of_memory(char const*, int, unsigned int, char const*)+0x72
V  [libjvm.so+0x687fb1]  os::Linux::commit_memory_impl(char*, unsigned int, bool)+0xe1
V  [libjvm.so+0x688478]  os::pd_commit_memory(char*, unsigned int, unsigned int, bool)+0x28
V  [libjvm.so+0x681b2c]  os::commit_memory(char*, unsigned int, unsigned int, bool)+0x2c
V  [libjvm.so+0x6ea8d8]  PSVirtualSpace::expand_by(unsigned int)+0x48
V  [libjvm.so+0x6eb9da]  PSYoungGen::resize_generation(unsigned int, unsigned int)+0xda
V  [libjvm.so+0x6ead19]  PSYoungGen::resize(unsigned int, unsigned int)+0x19
V  [libjvm.so+0x6e8649]  PSScavenge::invoke_no_policy()+0xcf9
V  [libjvm.so+0x6e8ea8]  PSScavenge::invoke()+0x28
V  [libjvm.so+0x6a851a]  ParallelScavengeHeap::failed_mem_allocate(unsigned int)+0x5a
V  [libjvm.so+0x7ebeea]  VM_ParallelGCFailedAllocation::doit()+0x7a
V  [libjvm.so+0x7f4d07]  VM_Operation::evaluate()+0x47
V  [libjvm.so+0x7f2da3]  VMThread::evaluate_operation(VM_Operation*)+0xb3
V  [libjvm.so+0x7f3140]  VMThread::loop()+0x1b0
V  [libjvm.so+0x7f35a5]  VMThread::run()+0x85
V  [libjvm.so+0x68a249]  java_start(Thread*)+0x119
C  [libpthread.so.0+0x61aa]  start_thread+0xda

VM_Operation (0x6bb0996c): ParallelGCFailedAllocation, mode: safepoint, requested by thread 0x6c4b0400


---------------  P R O C E S S  ---------------

Java Threads: ( => current thread )
  0x6c4b2800 JavaThread "pool-1-thread-4" [_thread_blocked, id=13309, stack(0x6ba18000,0x6ba69000)]
  0x6c4b1800 JavaThread "pool-1-thread-3" [_thread_blocked, id=13308, stack(0x6ba69000,0x6baba000)]
  0x6c4b0400 JavaThread "pool-1-thread-2" [_thread_blocked, id=13307, stack(0x6baba000,0x6bb0b000)]
  0x6c4af400 JavaThread "pool-2-thread-1" [_thread_blocked, id=13302, stack(0x6bb0b000,0x6bb5c000)]
  0x6c4ad000 JavaThread "pool-1-thread-1" [_thread_blocked, id=13300, stack(0x6bb5c000,0x6bbad000)]
  0x6c452800 JavaThread "Service Thread" daemon [_thread_blocked, id=13296, stack(0x6be05000,0x6be56000)]
  0x6c450800 JavaThread "C2 CompilerThread1" daemon [_thread_blocked, id=13295, stack(0x6be56000,0x6bed7000)]
  0x6c44f000 JavaThread "C2 CompilerThread0" daemon [_thread_blocked, id=13292, stack(0x6bed7000,0x6bf58000)]
  0x6c42d800 JavaThread "Signal Dispatcher" daemon [_thread_blocked, id=13290, stack(0x6c0dd000,0x6c12e000)]
  0x6c414000 JavaThread "Finalizer" daemon [_thread_blocked, id=13287, stack(0x6c32e000,0x6c37f000)]
  0x6c412800 JavaThread "Reference Handler" daemon [_thread_blocked, id=13285, stack(0x6ee09000,0x6ee5a000)]
  0xb6608400 JavaThread "main" [_thread_blocked, id=13278, stack(0xb6727000,0xb6778000)]

Other Threads:
=>0x6c410400 VMThread [stack: 0x6c37f000,0x6c400000] [id=13283]
  0x6c45c800 WatcherThread [stack: 0x6bd84000,0x6be05000] [id=13298]

VM state:at safepoint (normal execution)

VM Mutex/Monitor currently owned by a thread:  ([mutex/lock_event])
[0xb6605b08] Threads_lock - owner thread: 0x6c410400
[0xb6605f18] Heap_lock - owner thread: 0x6c4b0400

Heap
 PSYoungGen      total 26880K, used 1779K [0x9df40000, 0x9fb40000, 0xb34c0000)
  eden space 25088K, 0% used [0x9df40000,0x9df40000,0x9f7c0000)
  from space 1792K, 99% used [0x9f7c0000,0x9f97cf58,0x9f980000)
  to   space 1792K, 0% used [0x9f980000,0x9f980000,0x9fb40000)
 ParOldGen       total 32256K, used 9659K [0x734c0000, 0x75440000, 0x9df40000)
  object space 32256K, 29% used [0x734c0000,0x73e2ee80,0x75440000)
 PSPermGen       total 16384K, used 3954K [0x6f4c0000, 0x704c0000, 0x734c0000)
  object space 16384K, 24% used [0x6f4c0000,0x6f89c868,0x704c0000)

Card table byte_map: [0x6f29f000,0x6f4c0000] byte_map_base: 0x6ef24a00

Polling page: 0xb76d2000

Code Cache  [0xb3584000, 0xb37c4000, 0xb6584000)
 total_blobs=370 nmethods=248 adapters=76 free_code_cache=48213Kb largest_free_block=49327872

Compilation events (10 events):
Event: 52.051 Thread 0x6c44f000 nmethod 244 0xb363f9c8 code [0xb363fac0, 0xb363fc50]
Event: 52.051 Thread 0x6c44f000  245             com.android.dx.rop.cst.CstBaseMethodRef::compareTo0 (29 bytes)
Event: 52.056 Thread 0x6c450800 nmethod 243 0xb3641248 code [0xb3641340, 0xb36414d0]
Event: 52.056 Thread 0x6c450800  246 %           com.android.dx.ssa.SsaMethod::forEachInsn @ 8 (36 bytes)
Event: 52.080 Thread 0x6c44f000 nmethod 245 0xb364cf88 code [0xb364d100, 0xb364d6d0]
Event: 52.080 Thread 0x6c44f000  247             com.android.dx.ssa.SsaBasicBlock::forEachInsn (37 bytes)
Event: 60.643 Thread 0x6c450800 nmethod 246% 0xb36440c8 code [0xb36443a0, 0xb36454ec]
Event: 60.841 Thread 0x6c44f000 nmethod 247 0xb3675c08 code [0xb3675ea0, 0xb3676c8c]
Event: 60.969 Thread 0x6c450800  248             com.android.dx.rop.code.Rop::isCallLike (5 bytes)
Event: 60.970 Thread 0x6c44f000  249             java.util.ArrayList::<init> (55 bytes)

GC Heap History (9 events):
Event: 4.427 GC heap before
{Heap before GC invocations=1 (full 0):
 PSYoungGen      total 14336K, used 12544K [0x9df40000, 0x9ef00000, 0xb34c0000)
  eden space 12544K, 100% used [0x9df40000,0x9eb80000,0x9eb80000)
  from space 1792K, 0% used [0x9ed40000,0x9ed40000,0x9ef00000)
  to   space 1792K, 0% used [0x9eb80000,0x9eb80000,0x9ed40000)
 ParOldGen       total 32256K, used 0K [0x734c0000, 0x75440000, 0x9df40000)
  object space 32256K, 0% used [0x734c0000,0x734c0000,0x75440000)
 PSPermGen       total 16384K, used 3148K [0x6f4c0000, 0x704c0000, 0x734c0000)
  object space 16384K, 19% used [0x6f4c0000,0x6f7d3370,0x704c0000)
Event: 4.441 GC heap after
Heap after GC invocations=1 (full 0):
 PSYoungGen      total 14336K, used 1708K [0x9df40000, 0x9ef00000, 0xb34c0000)
  eden space 12544K, 0% used [0x9df40000,0x9df40000,0x9eb80000)
  from space 1792K, 95% used [0x9eb80000,0x9ed2b028,0x9ed40000)
  to   space 1792K, 0% used [0x9ed40000,0x9ed40000,0x9ef00000)
 ParOldGen       total 32256K, used 0K [0x734c0000, 0x75440000, 0x9df40000)
  object space 32256K, 0% used [0x734c0000,0x734c0000,0x75440000)
 PSPermGen       total 16384K, used 3148K [0x6f4c0000, 0x704c0000, 0x734c0000)
  object space 16384K, 19% used [0x6f4c0000,0x6f7d3370,0x704c0000)
}
Event: 6.914 GC heap before
{Heap before GC invocations=2 (full 0):
 PSYoungGen      total 14336K, used 14252K [0x9df40000, 0x9ef00000, 0xb34c0000)
  eden space 12544K, 100% used [0x9df40000,0x9eb80000,0x9eb80000)
  from space 1792K, 95% used [0x9eb80000,0x9ed2b028,0x9ed40000)
  to   space 1792K, 0% used [0x9ed40000,0x9ed40000,0x9ef00000)
 ParOldGen       total 32256K, used 0K [0x734c0000, 0x75440000, 0x9df40000)
  object space 32256K, 0% used [0x734c0000,0x734c0000,0x75440000)
 PSPermGen       total 16384K, used 3817K [0x6f4c0000, 0x704c0000, 0x734c0000)
  object space 16384K, 23% used [0x6f4c0000,0x6f87a648,0x704c0000)
Event: 6.948 GC heap after
Heap after GC invocations=2 (full 0):
 PSYoungGen      total 14336K, used 1785K [0x9df40000, 0x9ef00000, 0xb34c0000)
  eden space 12544K, 0% used [0x9df40000,0x9df40000,0x9eb80000)
  from space 1792K, 99% used [0x9ed40000,0x9eefe6d8,0x9ef00000)
  to   space 1792K, 0% used [0x9eb80000,0x9eb80000,0x9ed40000)
 ParOldGen       total 32256K, used 1715K [0x734c0000, 0x75440000, 0x9df40000)
  object space 32256K, 5% used [0x734c0000,0x7366cf98,0x75440000)
 PSPermGen       total 16384K, used 3817K [0x6f4c0000, 0x704c0000, 0x734c0000)
  object space 16384K, 23% used [0x6f4c0000,0x6f87a648,0x704c0000)
}
Event: 8.125 GC heap before
{Heap before GC invocations=3 (full 0):
 PSYoungGen      total 14336K, used 14329K [0x9df40000, 0x9ef00000, 0xb34c0000)
  eden space 12544K, 100% used [0x9df40000,0x9eb80000,0x9eb80000)
  from space 1792K, 99% used [0x9ed40000,0x9eefe6d8,0x9ef00000)
  to   space 1792K, 0% used [0x9eb80000,0x9eb80000,0x9ed40000)
 ParOldGen       total 32256K, used 1715K [0x734c0000, 0x75440000, 0x9df40000)
  object space 32256K, 5% used [0x734c0000,0x7366cf98,0x75440000)
 PSPermGen       total 16384K, used 3906K [0x6f4c0000, 0x704c0000, 0x734c0000)
  object space 16384K, 23% used [0x6f4c0000,0x6f890968,0x704c0000)
Event: 8.164 GC heap after
Heap after GC invocations=3 (full 0):
 PSYoungGen      total 14336K, used 1787K [0x9df40000, 0x9fb40000, 0xb34c0000)
  eden space 12544K, 0% used [0x9df40000,0x9df40000,0x9eb80000)
  from space 1792K, 99% used [0x9eb80000,0x9ed3ec90,0x9ed40000)
  to   space 1792K, 0% used [0x9f980000,0x9f980000,0x9fb40000)
 ParOldGen       total 32256K, used 3696K [0x734c0000, 0x75440000, 0x9df40000)
  object space 32256K, 11% used [0x734c0000,0x7385c338,0x75440000)
 PSPermGen       total 16384K, used 3906K [0x6f4c0000, 0x704c0000, 0x734c0000)
  object space 16384K, 23% used [0x6f4c0000,0x6f890968,0x704c0000)
}
Event: 9.655 GC heap before
{Heap before GC invocations=4 (full 0):
 PSYoungGen      total 14336K, used 14331K [0x9df40000, 0x9fb40000, 0xb34c0000)
  eden space 12544K, 100% used [0x9df40000,0x9eb80000,0x9eb80000)
  from space 1792K, 99% used [0x9eb80000,0x9ed3ec90,0x9ed40000)
  to   space 1792K, 0% used [0x9f980000,0x9f980000,0x9fb40000)
 ParOldGen       total 32256K, used 3696K [0x734c0000, 0x75440000, 0x9df40000)
  object space 32256K, 11% used [0x734c0000,0x7385c338,0x75440000)
 PSPermGen       total 16384K, used 3928K [0x6f4c0000, 0x704c0000, 0x734c0000)
  object space 16384K, 23% used [0x6f4c0000,0x6f896230,0x704c0000)
Event: 9.681 GC heap after
Heap after GC invocations=4 (full 0):
 PSYoungGen      total 26880K, used 1778K [0x9df40000, 0x9fb40000, 0xb34c0000)
  eden space 25088K, 0% used [0x9df40000,0x9df40000,0x9f7c0000)
  from space 1792K, 99% used [0x9f980000,0x9fb3cba8,0x9fb40000)
  to   space 1792K, 0% used [0x9f7c0000,0x9f7c0000,0x9f980000)
 ParOldGen       total 32256K, used 5755K [0x734c0000, 0x75440000, 0x9df40000)
  object space 32256K, 17% used [0x734c0000,0x73a5eea8,0x75440000)
 PSPermGen       total 16384K, used 3928K [0x6f4c0000, 0x704c0000, 0x734c0000)
  object space 16384K, 23% used [0x6f4c0000,0x6f896230,0x704c0000)
}
Event: 68.728 GC heap before
{Heap before GC invocations=5 (full 0):
 PSYoungGen      total 26880K, used 26866K [0x9df40000, 0x9fb40000, 0xb34c0000)
  eden space 25088K, 100% used [0x9df40000,0x9f7c0000,0x9f7c0000)
  from space 1792K, 99% used [0x9f980000,0x9fb3cba8,0x9fb40000)
  to   space 1792K, 0% used [0x9f7c0000,0x9f7c0000,0x9f980000)
 ParOldGen       total 32256K, used 5755K [0x734c0000, 0x75440000, 0x9df40000)
  object space 32256K, 17% used [0x734c0000,0x73a5eea8,0x75440000)
 PSPermGen       total 16384K, used 3954K [0x6f4c0000, 0x704c0000, 0x734c0000)
  object space 16384K, 24% used [0x6f4c0000,0x6f89c868,0x704c0000)

Deoptimization events (10 events):
Event: 7.602 Thread 0x6c4b0400 Uncommon trap: reason=bimorphic action=maybe_recompile pc=0xb35dd9bc method=com.android.dx.ssa.NormalSsaInsn.accept(Lcom/android/dx/ssa/SsaInsn$Visitor;)V @ 9
Event: 7.633 Thread 0x6c4b1800 Uncommon trap: reason=null_check action=make_not_entrant pc=0xb35f6140 method=com.android.dx.rop.type.Type.equals(Ljava/lang/Object;)Z @ 8
Event: 9.241 Thread 0x6c4ad000 Uncommon trap: reason=unstable_if action=reinterpret pc=0xb35e0e54 method=com.android.dx.rop.cst.Constant.compareTo(Lcom/android/dx/rop/cst/Constant;)I @ 12
Event: 12.154 Thread 0xb6608400 Uncommon trap: reason=null_check action=make_not_entrant pc=0xb360d94c method=com.android.dx.rop.type.Type.putIntern(Lcom/android/dx/rop/type/Type;)Lcom/android/dx/rop/type/Type; @ 18
Event: 60.091 Thread 0x6c4ad000 Uncommon trap: reason=null_check action=make_not_entrant pc=0xb3629380 method=com.android.dx.ssa.SsaRenamer.getLocalForNewReg(I)Lcom/android/dx/rop/code/LocalItem; @ 19
Event: 61.226 Thread 0x6c4b2800 Uncommon trap: reason=bimorphic action=maybe_recompile pc=0xb3655208 method=com.android.dx.ssa.SCCP.simulatePhi(Lcom/android/dx/ssa/PhiInsn;)V @ 124
Event: 61.238 Thread 0x6c4b2800 Uncommon trap: reason=bimorphic action=maybe_recompile pc=0xb3655208 method=com.android.dx.ssa.SCCP.simulatePhi(Lcom/android/dx/ssa/PhiInsn;)V @ 124
Event: 63.773 Thread 0x6c4ad000 Uncommon trap: reason=null_check action=make_not_entrant pc=0xb36769fc method=com.android.dx.ssa.SsaRenamer.getLocalForNewReg(I)Lcom/android/dx/rop/code/LocalItem; @ 19
Event: 68.462 Thread 0x6c4b1800 Uncommon trap: reason=bimorphic action=maybe_recompile pc=0xb3655208 method=com.android.dx.ssa.SCCP.simulatePhi(Lcom/android/dx/ssa/PhiInsn;)V @ 124
Event: 68.519 Thread 0x6c4b1800 Uncommon trap: reason=bimorphic action=maybe_recompile pc=0xb3655208 method=com.android.dx.ssa.SCCP.simulatePhi(Lcom/android/dx/ssa/PhiInsn;)V @ 124

Internal exceptions (10 events):
Event: 6.046 Thread 0xb6608400 Threw 0x9e361f08 at /HUDSON/workspace/7u-2-build-linux-i586/jdk7u80/2329/hotspot/src/share/vm/prims/jvm.cpp:1319
Event: 6.241 Thread 0x6c4b1800 Threw 0x9e5f86b8 at /HUDSON/workspace/7u-2-build-linux-i586/jdk7u80/2329/hotspot/src/share/vm/prims/jvm.cpp:1319
Event: 6.419 Thread 0x6c4b0400 Threw 0x9e7e0fc8 at /HUDSON/workspace/7u-2-build-linux-i586/jdk7u80/2329/hotspot/src/share/vm/prims/jvm.cpp:1319
Event: 6.473 Thread 0x6c4b2800 Implicit null exception at 0xb35e581c to 0xb35e59a1
Event: 6.904 Thread 0x6c4b2800 Threw 0x9eb1a870 at /HUDSON/workspace/7u-2-build-linux-i586/jdk7u80/2329/hotspot/src/share/vm/prims/jvm.cpp:1319
Event: 7.633 Thread 0x6c4b1800 Implicit null exception at 0xb35f60ab to 0xb35f6131
Event: 8.208 Thread 0xb6608400 Threw 0x9e01a9b0 at /HUDSON/workspace/7u-2-build-linux-i586/jdk7u80/2329/hotspot/src/share/vm/prims/jvm.cpp:1319
Event: 11.953 Thread 0xb6608400 Implicit null exception at 0xb360d3e6 to 0xb360d941
Event: 59.774 Thread 0x6c4ad000 Implicit null exception at 0xb3627b29 to 0xb3629371
Event: 61.398 Thread 0x6c4ad000 Implicit null exception at 0xb3676083 to 0xb36769ed

Events (10 events):
Event: 63.727 Thread 0x6c4ad000 Uncommon trap: trap_request=0xfffffff4 fr.pc=0xb36769fc
Event: 64.605 Thread 0x6c4ad000 DEOPT PACKING pc=0xb36769fc sp=0x6bbab8c0
Event: 67.939 Thread 0x6c4ad000 DEOPT UNPACKING pc=0xb35b0bc8 sp=0x6bbab7dc mode 2
Event: 68.462 Thread 0x6c4b1800 Uncommon trap: trap_request=0xffffffc6 fr.pc=0xb3655208
Event: 68.462 Thread 0x6c4b1800 DEOPT PACKING pc=0xb3655208 sp=0x6bab8ae0
Event: 68.462 Thread 0x6c4b1800 DEOPT UNPACKING pc=0xb35b0bc8 sp=0x6bab8a88 mode 2
Event: 68.519 Thread 0x6c4b1800 Uncommon trap: trap_request=0xffffffc6 fr.pc=0xb3655208
Event: 68.519 Thread 0x6c4b1800 DEOPT PACKING pc=0xb3655208 sp=0x6bab8aa0
Event: 68.519 Thread 0x6c4b1800 DEOPT UNPACKING pc=0xb35b0bc8 sp=0x6bab8a48 mode 2
Event: 68.553 Executing VM operation: ParallelGCFailedAllocation


Dynamic libraries:
08048000-08049000 r-xp 00000000 08:05 3154606    /usr/lib/jvm/java-7-oracle/bin/java
08049000-0804a000 rw-p 00000000 08:05 3154606    /usr/lib/jvm/java-7-oracle/bin/java
08652000-08e38000 rw-p 00000000 00:00 0          [heap]
6ac00000-6acf9000 rw-p 00000000 00:00 0 
6acf9000-6ad00000 ---p 00000000 00:00 0 
6ad00000-6adf9000 rw-p 00000000 00:00 0 
6adf9000-6ae00000 ---p 00000000 00:00 0 
6ae00000-6aefc000 rw-p 00000000 00:00 0 
6aefc000-6af00000 ---p 00000000 00:00 0 
6af00000-6aff9000 rw-p 00000000 00:00 0 
6aff9000-6b000000 ---p 00000000 00:00 0 
6b000000-6b1fb000 rw-p 00000000 00:00 0 
6b1fb000-6b200000 ---p 00000000 00:00 0 
6b200000-6b2fc000 rw-p 00000000 00:00 0 
6b2fc000-6b300000 ---p 00000000 00:00 0 
6b300000-6b3f2000 rw-p 00000000 00:00 0 
6b3f2000-6b400000 ---p 00000000 00:00 0 
6b500000-6b5f6000 rw-p 00000000 00:00 0 
6b5f6000-6b600000 ---p 00000000 00:00 0 
6b600000-6b6f9000 rw-p 00000000 00:00 0 
6b6f9000-6b700000 ---p 00000000 00:00 0 
6b700000-6b7c8000 rw-p 00000000 00:00 0 
6b7c8000-6b800000 ---p 00000000 00:00 0 
6b800000-6b8f1000 rw-p 00000000 00:00 0 
6b8f1000-6b900000 ---p 00000000 00:00 0 
6b900000-6b9fa000 rw-p 00000000 00:00 0 
6b9fa000-6ba00000 ---p 00000000 00:00 0 
6ba18000-6ba1b000 ---p 00000000 00:00 0 
6ba1b000-6ba69000 rw-p 00000000 00:00 0          [stack:13309]
6ba69000-6ba6c000 ---p 00000000 00:00 0 
6ba6c000-6baba000 rw-p 00000000 00:00 0          [stack:13308]
6baba000-6babd000 ---p 00000000 00:00 0 
6babd000-6bb0b000 rw-p 00000000 00:00 0          [stack:13307]
6bb0b000-6bb0e000 ---p 00000000 00:00 0 
6bb0e000-6bb5c000 rw-p 00000000 00:00 0          [stack:13302]
6bb5c000-6bb5f000 ---p 00000000 00:00 0 
6bb5f000-6bd6e000 rw-p 00000000 00:00 0          [stack:13300]
6bd6e000-6bd83000 r-xp 00000000 08:05 3283529    /usr/lib/jvm/java-7-oracle/jre/lib/i386/libnet.so
6bd83000-6bd84000 rw-p 00015000 08:05 3283529    /usr/lib/jvm/java-7-oracle/jre/lib/i386/libnet.so
6bd84000-6bd85000 ---p 00000000 00:00 0 
6bd85000-6be05000 rw-p 00000000 00:00 0          [stack:13298]
6be05000-6be08000 ---p 00000000 00:00 0 
6be08000-6be56000 rw-p 00000000 00:00 0          [stack:13296]
6be56000-6be59000 ---p 00000000 00:00 0 
6be59000-6bed7000 rw-p 00000000 00:00 0          [stack:13295]
6bed7000-6beda000 ---p 00000000 00:00 0 
6beda000-6bf58000 rw-p 00000000 00:00 0          [stack:13292]
6bf58000-6bf78000 r-xp 00000000 08:05 2891043    /usr/lib/i386-linux-gnu/libxcb.so.1.1.0
6bf78000-6bf79000 r--p 0001f000 08:05 2891043    /usr/lib/i386-linux-gnu/libxcb.so.1.1.0
6bf79000-6bf7a000 rw-p 00020000 08:05 2891043    /usr/lib/i386-linux-gnu/libxcb.so.1.1.0
6bf7a000-6c0c1000 r-xp 00000000 08:05 2889849    /usr/lib/i386-linux-gnu/libX11.so.6.3.0
6c0c1000-6c0c2000 r--p 00146000 08:05 2889849    /usr/lib/i386-linux-gnu/libX11.so.6.3.0
6c0c2000-6c0c4000 rw-p 00147000 08:05 2889849    /usr/lib/i386-linux-gnu/libX11.so.6.3.0
6c0c4000-6c0c5000 rw-p 00000000 00:00 0 
6c0ce000-6c0dc000 r-xp 00000000 08:05 3283504    /usr/lib/jvm/java-7-oracle/jre/lib/i386/libnio.so
6c0dc000-6c0dd000 rw-p 0000e000 08:05 3283504    /usr/lib/jvm/java-7-oracle/jre/lib/i386/libnio.so
6c0dd000-6c0e0000 ---p 00000000 00:00 0 
6c0e0000-6c12e000 rw-p 00000000 00:00 0          [stack:13290]
6c12e000-6c32e000 r--p 00000000 08:05 2892822    /usr/lib/locale/locale-archive
6c32e000-6c331000 ---p 00000000 00:00 0 
6c331000-6c37f000 rw-p 00000000 00:00 0          [stack:13287]
6c37f000-6c380000 ---p 00000000 00:00 0 
6c380000-6c400000 rw-p 00000000 00:00 0          [stack:13283]
6c400000-6c4c6000 rw-p 00000000 00:00 0 
6c4c6000-6c500000 ---p 00000000 00:00 0 
6c500000-6c6c0000 r--s 039fb000 08:05 3154725    /usr/lib/jvm/java-7-oracle/jre/lib/rt.jar
6c6c0000-6ed00000 rw-p 00000000 00:00 0 
6ed00000-6edfb000 rw-p 00000000 00:00 0 
6edfb000-6ee00000 ---p 00000000 00:00 0 
6ee00000-6ee09000 r--s 00089000 08:05 3960218    /home/hasmik/AndroidTestApp/RecyclerView/app/build/intermediates/exploded-aar/com.android.support/appcompat-v7/23.1.1/jars/classes.jar
6ee09000-6ee0c000 ---p 00000000 00:00 0 
6ee0c000-6ef00000 rw-p 00000000 00:00 0          [stack:13285]
6ef00000-6ef2c000 rw-p 00000000 00:00 0 
6ef2c000-6f000000 ---p 00000000 00:00 0 
6f006000-6f00b000 r-xp 00000000 08:05 2889864    /usr/lib/i386-linux-gnu/libXdmcp.so.6.0.0
6f00b000-6f00c000 r--p 00004000 08:05 2889864    /usr/lib/i386-linux-gnu/libXdmcp.so.6.0.0
6f00c000-6f00d000 rw-p 00005000 08:05 2889864    /usr/lib/i386-linux-gnu/libXdmcp.so.6.0.0
6f00d000-6f027000 rw-p 00000000 00:00 0 
6f027000-6f028000 ---p 00000000 00:00 0 
6f028000-6f0a8000 rw-p 00000000 00:00 0          [stack:13281]
6f0a8000-6f0a9000 ---p 00000000 00:00 0 
6f0a9000-6f131000 rw-p 00000000 00:00 0          [stack:13279]
6f131000-6f149000 rw-p 00000000 00:00 0 
6f149000-6f159000 rw-p 00000000 00:00 0 
6f159000-6f29f000 rw-p 00000000 00:00 0 
6f29f000-6f2a7000 rw-p 00000000 00:00 0 
6f2a7000-6f2bf000 rw-p 00000000 00:00 0 
6f2bf000-6f2cf000 rw-p 00000000 00:00 0 
6f2cf000-6f414000 rw-p 00000000 00:00 0 
6f414000-6f423000 rw-p 00000000 00:00 0 
6f423000-6f4bf000 rw-p 00000000 00:00 0 
6f4bf000-704c0000 rw-p 00000000 00:00 0 
704c0000-734c0000 rw-p 00000000 00:00 0 
734c0000-75440000 rw-p 00000000 00:00 0 
75440000-9df40000 rw-p 00000000 00:00 0 
9df40000-9fb40000 rw-p 00000000 00:00 0 
a1cbf000-a1cc0000 rw-p 00000000 00:00 0 
a1cc0000-b34c0000 rw-p 00000000 00:00 0 
b34c0000-b34c2000 r-xp 00000000 08:05 2889853    /usr/lib/i386-linux-gnu/libXau.so.6.0.0
b34c2000-b34c3000 r--p 00001000 08:05 2889853    /usr/lib/i386-linux-gnu/libXau.so.6.0.0
b34c3000-b34c4000 rw-p 00002000 08:05 2889853    /usr/lib/i386-linux-gnu/libXau.so.6.0.0
b34c4000-b34cd000 rw-p 00000000 00:00 0 
b34cd000-b3584000 rw-p 00000000 00:00 0 
b3584000-b37c4000 rwxp 00000000 00:00 0 
b37c4000-b6584000 rw-p 00000000 00:00 0 
b6584000-b659b000 r-xp 00000000 08:05 3283530    /usr/lib/jvm/java-7-oracle/jre/lib/i386/libzip.so
b659b000-b659c000 rw-p 00016000 08:05 3283530    /usr/lib/jvm/java-7-oracle/jre/lib/i386/libzip.so
b659c000-b65a8000 r-xp 00000000 08:05 2622652    /lib/i386-linux-gnu/libnss_files-2.21.so
b65a8000-b65a9000 r--p 0000b000 08:05 2622652    /lib/i386-linux-gnu/libnss_files-2.21.so
b65a9000-b65aa000 rw-p 0000c000 08:05 2622652    /lib/i386-linux-gnu/libnss_files-2.21.so
b65aa000-b65b5000 r-xp 00000000 08:05 2622662    /lib/i386-linux-gnu/libnss_nis-2.21.so
b65b5000-b65b6000 r--p 0000a000 08:05 2622662    /lib/i386-linux-gnu/libnss_nis-2.21.so
b65b6000-b65b7000 rw-p 0000b000 08:05 2622662    /lib/i386-linux-gnu/libnss_nis-2.21.so
b65b7000-b65ce000 r-xp 00000000 08:05 2622646    /lib/i386-linux-gnu/libnsl-2.21.so
b65ce000-b65cf000 r--p 00016000 08:05 2622646    /lib/i386-linux-gnu/libnsl-2.21.so
b65cf000-b65d0000 rw-p 00017000 08:05 2622646    /lib/i386-linux-gnu/libnsl-2.21.so
b65d0000-b65d2000 rw-p 00000000 00:00 0 
b65d2000-b65da000 r-xp 00000000 08:05 2622648    /lib/i386-linux-gnu/libnss_compat-2.21.so
b65da000-b65db000 r--p 00007000 08:05 2622648    /lib/i386-linux-gnu/libnss_compat-2.21.so
b65db000-b65dc000 rw-p 00008000 08:05 2622648    /lib/i386-linux-gnu/libnss_compat-2.21.so
b65dc000-b65ff000 r-xp 00000000 08:05 3283501    /usr/lib/jvm/java-7-oracle/jre/lib/i386/libjava.so
b65ff000-b6600000 rw-p 00023000 08:05 3283501    /usr/lib/jvm/java-7-oracle/jre/lib/i386/libjava.so
b6600000-b66f4000 rw-p 00000000 00:00 0 
b66f4000-b6700000 ---p 00000000 00:00 0 
b6700000-b6702000 r-xp 00000000 08:05 2892722    /usr/lib/jayatana/libjayatanaag.so
b6702000-b6703000 r--p 00001000 08:05 2892722    /usr/lib/jayatana/libjayatanaag.so
b6703000-b6704000 rw-p 00002000 08:05 2892722    /usr/lib/jayatana/libjayatanaag.so
b6704000-b6705000 r--s 00000000 08:05 3280830    /usr/share/java/jayatanaag.jar
b6705000-b6714000 r--s 000df000 08:05 525259     /home/hasmik/Android/Sdk/build-tools/23.0.2/lib/dx.jar
b6714000-b6715000 r--p 005e0000 08:05 2892822    /usr/lib/locale/locale-archive
b6715000-b6716000 r--p 00859000 08:05 2892822    /usr/lib/locale/locale-archive
b6716000-b671e000 rw-s 00000000 08:05 1315901    /tmp/hsperfdata_hasmik/13271
b671e000-b6725000 r-xp 00000000 08:05 2622707    /lib/i386-linux-gnu/librt-2.21.so
b6725000-b6726000 r--p 00006000 08:05 2622707    /lib/i386-linux-gnu/librt-2.21.so
b6726000-b6727000 rw-p 00007000 08:05 2622707    /lib/i386-linux-gnu/librt-2.21.so
b6727000-b672a000 ---p 00000000 00:00 0 
b672a000-b6778000 rw-p 00000000 00:00 0          [stack:13278]
b6778000-b67c3000 r-xp 00000000 08:05 2622625    /lib/i386-linux-gnu/libm-2.21.so
b67c3000-b67c4000 r--p 0004a000 08:05 2622625    /lib/i386-linux-gnu/libm-2.21.so
b67c4000-b67c5000 rw-p 0004b000 08:05 2622625    /lib/i386-linux-gnu/libm-2.21.so
b67c5000-b704c000 r-xp 00000000 08:05 3283482    /usr/lib/jvm/java-7-oracle/jre/lib/i386/server/libjvm.so
b704c000-b70b0000 rw-p 00886000 08:05 3283482    /usr/lib/jvm/java-7-oracle/jre/lib/i386/server/libjvm.so
b70b0000-b74d4000 rw-p 00000000 00:00 0 
b74d4000-b7688000 r-xp 00000000 08:05 2622566    /lib/i386-linux-gnu/libc-2.21.so
b7688000-b768b000 r--p 001b3000 08:05 2622566    /lib/i386-linux-gnu/libc-2.21.so
b768b000-b768d000 rw-p 001b6000 08:05 2622566    /lib/i386-linux-gnu/libc-2.21.so
b768d000-b768f000 rw-p 00000000 00:00 0 
b768f000-b7692000 r-xp 00000000 08:05 2622583    /lib/i386-linux-gnu/libdl-2.21.so
b7692000-b7693000 r--p 00002000 08:05 2622583    /lib/i386-linux-gnu/libdl-2.21.so
b7693000-b7694000 rw-p 00003000 08:05 2622583    /lib/i386-linux-gnu/libdl-2.21.so
b7694000-b7695000 rw-p 00000000 00:00 0 
b7695000-b76a9000 r-xp 00000000 08:05 3154601    /usr/lib/jvm/java-7-oracle/lib/i386/jli/libjli.so
b76a9000-b76aa000 rw-p 00013000 08:05 3154601    /usr/lib/jvm/java-7-oracle/lib/i386/jli/libjli.so
b76aa000-b76c3000 r-xp 00000000 08:05 2622699    /lib/i386-linux-gnu/libpthread-2.21.so
b76c3000-b76c4000 r--p 00018000 08:05 2622699    /lib/i386-linux-gnu/libpthread-2.21.so
b76c4000-b76c5000 rw-p 00019000 08:05 2622699    /lib/i386-linux-gnu/libpthread-2.21.so
b76c5000-b76c7000 rw-p 00000000 00:00 0 
b76c7000-b76d0000 r-xp 00000000 08:05 3283512    /usr/lib/jvm/java-7-oracle/jre/lib/i386/libinstrument.so
b76d0000-b76d1000 rw-p 00008000 08:05 3283512    /usr/lib/jvm/java-7-oracle/jre/lib/i386/libinstrument.so
b76d1000-b76d2000 rw-p 00000000 00:00 0 
b76d2000-b76d3000 ---p 00000000 00:00 0 
b76d3000-b76de000 r-xp 00000000 08:05 3283526    /usr/lib/jvm/java-7-oracle/jre/lib/i386/libverify.so
b76de000-b76df000 rw-p 0000b000 08:05 3283526    /usr/lib/jvm/java-7-oracle/jre/lib/i386/libverify.so
b76df000-b76e1000 rw-p 00000000 00:00 0 
b76e1000-b76e3000 r--p 00000000 00:00 0          [vvar]
b76e3000-b76e4000 r-xp 00000000 00:00 0          [vdso]
b76e4000-b7706000 r-xp 00000000 08:05 2622538    /lib/i386-linux-gnu/ld-2.21.so
b7706000-b7707000 r--p 00021000 08:05 2622538    /lib/i386-linux-gnu/ld-2.21.so
b7707000-b7708000 rw-p 00022000 08:05 2622538    /lib/i386-linux-gnu/ld-2.21.so
bf920000-bf921000 rwxp 00000000 00:00 0 
bf953000-bf974000 rw-p 00000000 00:00 0          [stack]

VM Arguments:
jvm_args: -javaagent:/usr/share/java/jayatanaag.jar -Djava.awt.headless=true -Xmx1024M -Dfile.encoding=UTF-8 -Duser.country=US -Duser.language=en -Duser.variant 
java_command: com.android.dx.command.Main --dex --num-threads=4 --output /home/hasmik/AndroidTestApp/RecyclerView/app/build/intermediates/pre-dexed/debug/com.android.support-appcompat-v7-23.1.1_51c5c82b3490e27781b2b4e763e9f14b517e6f5b.jar /home/hasmik/AndroidTestApp/RecyclerView/app/build/intermediates/exploded-aar/com.android.support/appcompat-v7/23.1.1/jars/classes.jar
Launcher Type: SUN_STANDARD

Environment Variables:
JAVA_TOOL_OPTIONS=-javaagent:/usr/share/java/jayatanaag.jar 
PATH=/usr/local/sbin:/usr/local/bin:/usr/sbin:/usr/bin:/sbin:/bin:/usr/games:/usr/local/games
LD_LIBRARY_PATH=/opt/android-studio/bin:
SHELL=/bin/bash
DISPLAY=:0

Signal Handlers:
SIGSEGV: [libjvm.so+0x7eb160], sa_mask[0]=0x7ffbfeff, sa_flags=0x10000004
SIGBUS: [libjvm.so+0x7eb160], sa_mask[0]=0x7ffbfeff, sa_flags=0x10000004
SIGFPE: [libjvm.so+0x684ac0], sa_mask[0]=0x7ffbfeff, sa_flags=0x10000004
SIGPIPE: [libjvm.so+0x684ac0], sa_mask[0]=0x7ffbfeff, sa_flags=0x10000004
SIGXFSZ: [libjvm.so+0x684ac0], sa_mask[0]=0x7ffbfeff, sa_flags=0x10000004
SIGILL: [libjvm.so+0x684ac0], sa_mask[0]=0x7ffbfeff, sa_flags=0x10000004
SIGUSR1: SIG_DFL, sa_mask[0]=0x00000000, sa_flags=0x00000000
SIGUSR2: [libjvm.so+0x686330], sa_mask[0]=0x00000004, sa_flags=0x10000004
SIGHUP: [libjvm.so+0x687660], sa_mask[0]=0x7ffbfeff, sa_flags=0x10000004
SIGINT: [libjvm.so+0x687660], sa_mask[0]=0x7ffbfeff, sa_flags=0x10000004
SIGTERM: [libjvm.so+0x687660], sa_mask[0]=0x7ffbfeff, sa_flags=0x10000004
SIGQUIT: [libjvm.so+0x687660], sa_mask[0]=0x7ffbfeff, sa_flags=0x10000004


---------------  S Y S T E M  ---------------

OS:jessie/sid

uname:Linux 3.19.0-15-generic #15-Ubuntu SMP Thu Apr 16 23:32:01 UTC 2015 i686
libc:glibc 2.21 NPTL 2.21 
rlimit: STACK 8192k, CORE 0k, NPROC 24041, NOFILE 65536, AS infinity
load average:28.17 15.14 7.42

/proc/meminfo:
MemTotal:        3098116 kB
MemFree:          185468 kB
MemAvailable:     138188 kB
Buffers:             652 kB
Cached:           217988 kB
SwapCached:         6356 kB
Active:          1828488 kB
Inactive:         848736 kB
Active(anon):    1802320 kB
Inactive(anon):   822384 kB
Active(file):      26168 kB
Inactive(file):    26352 kB
Unevictable:          32 kB
Mlocked:              32 kB
HighTotal:       2228832 kB
HighFree:          36564 kB
LowTotal:         869284 kB
LowFree:          148904 kB
SwapTotal:        627708 kB
SwapFree:           6164 kB
Dirty:                36 kB
Writeback:          1600 kB
AnonPages:       2452884 kB
Mapped:           174244 kB
Shmem:            166064 kB
Slab:              38488 kB
SReclaimable:      17420 kB
SUnreclaim:        21068 kB
KernelStack:        5232 kB
PageTables:        18292 kB
NFS_Unstable:          0 kB
Bounce:                0 kB
WritebackTmp:          0 kB
CommitLimit:     2176764 kB
Committed_AS:    8484724 kB
VmallocTotal:     122880 kB
VmallocUsed:       26440 kB
VmallocChunk:      50452 kB
AnonHugePages:   1306624 kB
CmaTotal:              0 kB
CmaFree:               0 kB
HugePages_Total:       0
HugePages_Free:        0
HugePages_Rsvd:        0
HugePages_Surp:        0
Hugepagesize:       2048 kB
DirectMap4k:       34808 kB
DirectMap2M:      878592 kB


CPU:total 2 (2 cores per cpu, 1 threads per core) family 16 model 6 stepping 2, cmov, cx8, fxsr, mmx, sse, sse2, sse3, popcnt, mmxext, 3dnowpref, lzcnt, tsc, tscinvbit, tscinv

/proc/cpuinfo:
processor	: 0
vendor_id	: AuthenticAMD
cpu family	: 16
model		: 6
model name	: AMD Athlon(tm) II Dual-Core M300
stepping	: 2
microcode	: 0x1000098
cpu MHz		: 2000.000
cache size	: 512 KB
physical id	: 0
siblings	: 2
core id		: 0
cpu cores	: 2
apicid		: 0
initial apicid	: 0
fdiv_bug	: no
f00f_bug	: no
coma_bug	: no
fpu		: yes
fpu_exception	: yes
cpuid level	: 5
wp		: yes
flags		: fpu vme de pse tsc msr pae mce cx8 apic sep mtrr pge mca cmov pat pse36 clflush mmx fxsr sse sse2 ht syscall nx mmxext fxsr_opt pdpe1gb rdtscp lm 3dnowext 3dnow constant_tsc rep_good nonstop_tsc extd_apicid pni monitor cx16 popcnt lahf_lm cmp_legacy svm extapic cr8_legacy abm sse4a 3dnowprefetch osvw ibs skinit wdt hw_pstate npt lbrv svm_lock nrip_save vmmcall
bugs		: tlb_mmatch apic_c1e fxsave_leak
bogomips	: 3990.18
clflush size	: 64
cache_alignment	: 64
address sizes	: 48 bits physical, 48 bits virtual
power management: ts ttp tm stc 100mhzsteps hwpstate

processor	: 1
vendor_id	: AuthenticAMD
cpu family	: 16
model		: 6
model name	: AMD Athlon(tm) II Dual-Core M300
stepping	: 2
microcode	: 0x1000098
cpu MHz		: 800.000
cache size	: 512 KB
physical id	: 0
siblings	: 2
core id		: 1
cpu cores	: 2
apicid		: 1
initial apicid	: 1
fdiv_bug	: no
f00f_bug	: no
coma_bug	: no
fpu		: yes
fpu_exception	: yes
cpuid level	: 5
wp		: yes
flags		: fpu vme de pse tsc msr pae mce cx8 apic sep mtrr pge mca cmov pat pse36 clflush mmx fxsr sse sse2 ht syscall nx mmxext fxsr_opt pdpe1gb rdtscp lm 3dnowext 3dnow constant_tsc rep_good nonstop_tsc extd_apicid pni monitor cx16 popcnt lahf_lm cmp_legacy svm extapic cr8_legacy abm sse4a 3dnowprefetch osvw ibs skinit wdt hw_pstate npt lbrv svm_lock nrip_save vmmcall
bugs		: tlb_mmatch apic_c1e fxsave_leak
bogomips	: 3990.18
clflush size	: 64
cache_alignment	: 64
address sizes	: 48 bits physical, 48 bits virtual
power management: ts ttp tm stc 100mhzsteps hwpstate



Memory: 4k page, physical 3098116k(185468k free), swap 627708k(6164k free)

vm_info: Java HotSpot(TM) Server VM (24.80-b11) for linux-x86 JRE (1.7.0_80-b15), built on Apr 10 2015 12:29:10 by "java_re" with gcc 4.3.0 20080428 (Red Hat 4.3.0-8)

time: Sun Feb 28 01:26:13 2016
elapsed time: 184 seconds

